<testsuites>
  <testsuite name="main" errors="0" failures="0" tests="90" hostname="tbd" time="0.233773" timestamp="tbd">
    <testcase classname="Scenario: nome eh inicializado" name="Given: string para iniciar o nome/When: construtor sem parametro/Then: o nome nao e atribuido e lanca excecao" time="0.017869"/>
    <testcase classname="Scenario: nome eh inicializado" name="Given: string para iniciar o nome/When: com valores validos, CASO: Ate 20 caracteres, sendo A-Z e espaco em branco/Then: o nome e atribuido" time="0.000034"/>
    <testcase classname="Scenario: nome eh inicializado" name="Given: string para iniciar o nome/When: com valores invalidos, CASO 1: Mais de 20 caracteres/Then: o nome e atribuido e lanca excecao" time="0.000882"/>
    <testcase classname="Scenario: nome eh inicializado" name="Given: string para iniciar o nome/When: com valores invalidos, CASO 2: Com caracteres especiais/Then: o nome nao e atribuido e lanca excecao" time="0.000566"/>
    <testcase classname="Scenario: codigo de projeto e inicializado" name="Given: string para iniciar o codigo de projeto/When: construtor sem parametro/Then: o codigo de projeto e atribuido com valor default 'AAAAA'" time="0.000024"/>
    <testcase classname="Scenario: codigo de projeto e inicializado" name="Given: string para iniciar o codigo de projeto/When: com valores validos, CASO: 5 letras de A-Z/Then: o codigo de projeto e atribuido" time="0.000017"/>
    <testcase classname="Scenario: codigo de projeto e inicializado" name="Given: string para iniciar o codigo de projeto/When: com valores invalidos, CASO 1: Menos de 5 caracteres/Then: o codigo de projeto nao e atribuido e lanca excecao" time="0.000647"/>
    <testcase classname="Scenario: codigo de projeto e inicializado" name="Given: string para iniciar o codigo de projeto/When: com valores invalidos, CASO 2: Mais de 5 caracteres/Then: o codigo de projeto nao e atribuido e lanca excecao" time="0.000599"/>
    <testcase classname="Scenario: codigo de projeto e inicializado" name="Given: string para iniciar o codigo de projeto/When: com valores invalidos, CASO 3: Caracteres a-z/Then: o codigo de projeto nao e atribuido e lanca excecao" time="0.000572"/>
    <testcase classname="Scenario: codigo de projeto e inicializado" name="Given: string para iniciar o codigo de projeto/When: com valores invalidos, CASO 4: Caracteres especiais/Then: o codigo de projeto nao e atribuido e lanca excecao" time="0.000497"/>
    <testcase classname="Scenario: estado de projeto e inicializado" name="Given: inteiro para iniciar o estado de projeto/When: construtor sem parametro/Then: o estado de projeto e atribuido com valor default '1'" time="0.000021"/>
    <testcase classname="Scenario: estado de projeto e inicializado" name="Given: inteiro para iniciar o estado de projeto/When: com valores validos, CASO: 1 digito entre 0-9/Then: o estado de projeto e atribuido" time="0.000013"/>
    <testcase classname="Scenario: estado de projeto e inicializado" name="Given: inteiro para iniciar o estado de projeto/When: com valores invalidos, CASO 1: Mais de 1 digito/Then: o codigo de projeto nao e atribuido e lanca excecao" time="0.000031"/>
    <testcase classname="Scenario: estado de projeto e inicializado" name="Given: inteiro para iniciar o estado de projeto/When: com valores invalidos, CASO 2: Valores nao permitidos/Then: o codigo de projeto nao e atribuido e lanca excecao" time="0.000029"/>
    <testcase classname="Scenario: fase de projeto e inicializado" name="Given: inteiro para iniciar a fase de projeto/When: construtor sem parametro/Then: a fase de projeto e atribuida com valor default '1'" time="0.000013"/>
    <testcase classname="Scenario: fase de projeto e inicializado" name="Given: inteiro para iniciar a fase de projeto/When: com valores validos, CASO: 1 digito entre 0-9/Then: a fase de projeto e atribuida" time="0.000012"/>
    <testcase classname="Scenario: fase de projeto e inicializado" name="Given: inteiro para iniciar a fase de projeto/When: com valores invalidos, CASO 1: Mais de 1 digito/Then: a fase de projeto nao e atribuida e lanca excecao" time="0.000031"/>
    <testcase classname="Scenario: fase de projeto e inicializado" name="Given: inteiro para iniciar a fase de projeto/When: com valores invalidos, CASO 2: Valores nao permitidos/Then: a fase de projeto nao e atribuida e lanca excecao" time="0.000034"/>
    <testcase classname="Scenario: funcao e inicializada" name="Given: inteiro para iniciar a funcao/When: construtor sem parametro/Then: a funcao nao e atribuida e lanca excecao" time="0.000104"/>
    <testcase classname="Scenario: funcao e inicializada" name="Given: inteiro para iniciar a funcao/When: com valores validos, CASO: 1 digito entre 0-9/Then: a funcao e atribuida" time="0.000013"/>
    <testcase classname="Scenario: funcao e inicializada" name="Given: inteiro para iniciar a funcao/When: com valores invalidos, CASO 1: Mais de 1 digito/Then: a funcao nao e atribuida e lanca excecao" time="0.00003"/>
    <testcase classname="Scenario: funcao e inicializada" name="Given: inteiro para iniciar a funcao/When: com valores invalidos, CASO 2: Valores nao permitidos/Then: a funcao nao e atribuida e lanca excecao" time="0.000028"/>
    <testcase classname="Scenario: e-mail e inicializado" name="Given: string para iniciar o e-mail/When: construtor sem parametro/Then: o email nao e atribuido e lanca excecao" time="0.007732"/>
    <testcase classname="Scenario: e-mail e inicializado" name="Given: string para iniciar o e-mail/When: com valores validos, CASO: Parte local com caracteres validos seguida de um caracter @ e sub endereco com caracteres validos com um ponto somente/Then: o email e atribuido" time="0.000025"/>
    <testcase classname="Scenario: e-mail e inicializado" name="Given: string para iniciar o e-mail/When: com valores invalidos, CASO 1: Sem caracter @/Then: o email nao e atribuido e lanca excecao" time="0.001654"/>
    <testcase classname="Scenario: e-mail e inicializado" name="Given: string para iniciar o e-mail/When: com valores invalidos, CASO 2: Com mais de um caracter @/Then: o email nao e atribuido e lanca excecao" time="0.001598"/>
    <testcase classname="Scenario: e-mail e inicializado" name="Given: string para iniciar o e-mail/When: com valores invalidos, CASO 3: Nenhum caracter especial na parte local e permitido sem estar entra aspas/Then: o email nao e atribuido e lanca excecao" time="0.001438"/>
    <testcase classname="Scenario: e-mail e inicializado" name="Given: string para iniciar o e-mail/When: com valores invalidos, CASO 4: String entre aspas precisam estar separadas por pontos ou ser a unica string da parte local/Then: o email nao e atribuido e lanca excecao" time="0.001285"/>
    <testcase classname="Scenario: e-mail e inicializado" name="Given: string para iniciar o e-mail/When: com valores invalidos, CASO 5: Dois pontos apos o caracter @/Then: o email nao e atribuido e lanca excecao" time="0.00139"/>
    <testcase classname="Scenario: data e inicializada" name="Given: string para iniciar a data/When: construtor sem parametro/Then: a data nao e atribuida e lanca excecao" time="0.000026"/>
    <testcase classname="Scenario: data e inicializada" name="Given: string para iniciar a data/When: com valores validos, CASO: formato 1-31/1-12/2016-2050/Then: a data e atribuida" time="0.000035"/>
    <testcase classname="Scenario: data e inicializada" name="Given: string para iniciar a data/When: com valores invalidos, CASO 1: nenhum valor entre barras/Then: a data nao e atribuido e lanca excecao" time="0.003022"/>
    <testcase classname="Scenario: data e inicializada" name="Given: string para iniciar a data/When: com valores invalidos, CASO 2: com menos de 3 barras/Then: a data nao e atribuido e lanca excecao" time="0.002558"/>
    <testcase classname="Scenario: data e inicializada" name="Given: string para iniciar a data/When: com valores invalidos, CASO 3: data com ano superior a 2050/Then: a data nao e atribuido e lanca excecao" time="0.002705"/>
    <testcase classname="Scenario: data e inicializada" name="Given: string para iniciar a data/When: com valores invalidos, CASO 4: dia 0/Then: a data nao e atribuido e lanca excecao" time="0.002647"/>
    <testcase classname="Scenario: data e inicializada" name="Given: string para iniciar a data/When: com valores invalidos, CASO 5: mes maior que 12/Then: a data nao e atribuido e lanca excecao" time="0.002691"/>
    <testcase classname="Scenario: telefone e inicializado" name="Given: string para iniciar o telefone/When: construtor sem parametro/Then: o telefone nao e atribuido e lanca excecao" time="0.000027"/>
    <testcase classname="Scenario: telefone e inicializado" name="Given: string para iniciar o telefone/When: com valores validos, CASO: 8 digitos, sendo 0-9/Then: o telefone e atribuido" time="0.00001"/>
    <testcase classname="Scenario: telefone e inicializado" name="Given: string para iniciar o telefone/When: com valores invalidos, CASO 1: Mais de 8 digitos/Then: o telefone nao e atribuido e lanca excecao" time="0.000324"/>
    <testcase classname="Scenario: telefone e inicializado" name="Given: string para iniciar o telefone/When: com valores invalidos, CASO 2: Menos de 8 digitos/Then: o telefone nao e atribuido e lanca excecao" time="0.000325"/>
    <testcase classname="Scenario: telefone e inicializado" name="Given: string para iniciar o telefone/When: com valores invalidos, CASO 3: Caracteres nao decimais/Then: o telefone nao e atribuido e lanca excecao" time="0.000321"/>
    <testcase classname="Scenario: senha e inicializada" name="Given: string para iniciar a senha/When: construtor sem parametro/Then: a senha nao e atribuida e lanca excecao" time="0.000017"/>
    <testcase classname="Scenario: senha e inicializada" name="Given: string para iniciar a senha/When: com valores validos, CASO: 5 caracteres sem repeticao/Then: a senha e atribuida" time="0.000009"/>
    <testcase classname="Scenario: senha e inicializada" name="Given: string para iniciar a senha/When: com valores invalidos, CASO 1: Repeticao de caracteres/Then: a senha nao e atribuida e lanca excecao" time="0.000021"/>
    <testcase classname="Scenario: senha e inicializada" name="Given: string para iniciar a senha/When: com valores invalidos, CASO 2: Menos de 5 caracteres/Then: a senha nao e atribuida e lanca excecao" time="0.000018"/>
    <testcase classname="Scenario: senha e inicializada" name="Given: string para iniciar a senha/When: com valores invalidos, CASO 3: Mais de 5 caracteres/Then: a senha nao e atribuida e lanca excecao" time="0.000019"/>
    <testcase classname="Scenario: matricula e inicializada" name="Given: string para iniciar a matricula/When: construtor sem parametro/Then: a matricula nao e atribuida e lanca excecao" time="0.000016"/>
    <testcase classname="Scenario: matricula e inicializada" name="Given: string para iniciar a matricula/When: com valores validos, CASO: 5 digitos, sendo de 0-9/Then: a matricula e atribuida" time="0.00002"/>
    <testcase classname="Scenario: matricula e inicializada" name="Given: string para iniciar a matricula/When: com valores invalidos, CASO 1: Matricula com valores nao decimais/Then: a matricula nao e atribuida e lanca excecao" time="0.000318"/>
    <testcase classname="Scenario: matricula e inicializada" name="Given: string para iniciar a matricula/When: com valores invalidos, CASO 2: Menos de 5 digitos/Then: a matricula nao e atribuida e lanca excecao" time="0.000319"/>
    <testcase classname="Scenario: matricula e inicializada" name="Given: string para iniciar a matricula/When: com valores invalidos, CASO 3: Mais de 5 digitos/Then: a matricula nao e atribuida e lanca excecao" time="0.000293"/>
    <testcase classname="Scenario: custo e inicializado" name="Given: string para iniciar o custo/When: construtor sem parametro/Then: o custo nao e atribuido e lanca excecao" time="0.000016"/>
    <testcase classname="Scenario: custo e inicializado" name="Given: string para iniciar o custo/When: com valores validos, CASO: 0.00/Then: o custo e atribuido" time="0.00001"/>
    <testcase classname="Scenario: custo e inicializado" name="Given: string para iniciar o custo/When: com valores invalidos, CASO 1: Custo com 2 pontos/Then: o custo nao e atribuido e lanca excecao" time="0.002133"/>
    <testcase classname="Scenario: custo e inicializado" name="Given: string para iniciar o custo/When: com valores invalidos, CASO 2: Custo com caracteres nao decimais antes ou depois do ponto/Then: o custo nao e atribuido e lanca excecao" time="0.002354"/>
    <testcase classname="Scenario: gerente de sistema eh inicializado" name="Given: strings de nome, matricula e senha para iniciar o gerente de sistema/When: construtor sem parametro/Then: o gerente de sistema nao e criado e lanca excecao" time="0.000019"/>
    <testcase classname="Scenario: gerente de sistema eh inicializado" name="Given: strings de nome, matricula e senha para iniciar o gerente de sistema/When: com valores validos, CASO: Construtor e criado se e passado nome, matricula e senha com valores validos/Then: o nome e atribuido ao gerente de sistema" time="0.00001"/>
    <testcase classname="Scenario: gerente de sistema eh inicializado" name="Given: strings de nome, matricula e senha para iniciar o gerente de sistema/When: com valores validos, CASO: Construtor e criado se e passado nome, matricula e senha com valores validos/Then: a matricula e atribuida ao gerente de sistema" time="0.000009"/>
    <testcase classname="Scenario: gerente de sistema eh inicializado" name="Given: strings de nome, matricula e senha para iniciar o gerente de sistema/When: com valores validos, CASO: Construtor e criado se e passado nome, matricula e senha com valores validos/Then: a senha e atribuida ao gerente de sistema" time="0.000009"/>
    <testcase classname="Scenario: gerente de sistema eh inicializado" name="Given: strings de nome, matricula e senha para iniciar o gerente de sistema/When: com valores invalidos, CASO: Construtor nao e criado se e passado nome, matricula ou senha com valores invalidos/Then: o gerente de sistema nao e criado e lanca excecao" time="0.00032"/>
    <testcase classname="Scenario: gerente de projeto eh inicializado" name="Given: strings de nome, matricula, senha e telefone para iniciar o gerente de projeto/When: construtor sem parametro/Then: o gerente de projeto nao e criado e lanca excecao" time="0.000019"/>
    <testcase classname="Scenario: gerente de projeto eh inicializado" name="Given: strings de nome, matricula, senha e telefone para iniciar o gerente de projeto/When: com valores validos, CASO 1: Construtor e criado se e passado nome, matricula e senha com valores validos no minimo/Then: o nome e atribuido ao gerente de projeto" time="0.000009"/>
    <testcase classname="Scenario: gerente de projeto eh inicializado" name="Given: strings de nome, matricula, senha e telefone para iniciar o gerente de projeto/When: com valores validos, CASO 1: Construtor e criado se e passado nome, matricula e senha com valores validos no minimo/Then: a matricula e atribuida ao gerente de projeto" time="0.000011"/>
    <testcase classname="Scenario: gerente de projeto eh inicializado" name="Given: strings de nome, matricula, senha e telefone para iniciar o gerente de projeto/When: com valores validos, CASO 1: Construtor e criado se e passado nome, matricula e senha com valores validos no minimo/Then: a senha e atribuida ao gerente de projeto" time="0.00001"/>
    <testcase classname="Scenario: gerente de projeto eh inicializado" name="Given: strings de nome, matricula, senha e telefone para iniciar o gerente de projeto/When: com valores validos, CASO 2: Construtor criado recebe telefone com valor valido/Then: o telefone e atribuido ao gerente de projeto" time="0.000011"/>
    <testcase classname="Scenario: gerente de projeto eh inicializado" name="Given: strings de nome, matricula, senha e telefone para iniciar o gerente de projeto/When: com valores invalidos, CASO 1: Construtor nao e criado se e passado nome, matricula ou senha com valores invalidos/Then: o gerente de projeto nao e criado e lanca excecao" time="0.000321"/>
    <testcase classname="Scenario: gerente de projeto eh inicializado" name="Given: strings de nome, matricula, senha e telefone para iniciar o gerente de projeto/When: com valores invalidos, CASO 2: Construtor criado recebe telefone com valor invalido/Then: o telefone e atribuido ao gerente de projeto" time="0.000386"/>
    <testcase classname="Scenario: desenvolvedor eh inicializado" name="Given: strings de nome, matricula, senha e e-mail, e inteiro de funcao para iniciar o desenvolvedor/When: construtor sem parametro/Then: o desenvolvedor nao e criado e lanca excecao" time="0.000093"/>
    <testcase classname="Scenario: desenvolvedor eh inicializado" name="Given: strings de nome, matricula, senha e e-mail, e inteiro de funcao para iniciar o desenvolvedor/When: com valores validos, CASO 1: Construtor e criado se e passado nome, matricula, senha e funcao com valores validos no minimo/Then: o nome e atribuido ao desenvolvedor" time="0.000011"/>
    <testcase classname="Scenario: desenvolvedor eh inicializado" name="Given: strings de nome, matricula, senha e e-mail, e inteiro de funcao para iniciar o desenvolvedor/When: com valores validos, CASO 1: Construtor e criado se e passado nome, matricula, senha e funcao com valores validos no minimo/Then: a matricula e atribuida ao desenvolvedor" time="0.00001"/>
    <testcase classname="Scenario: desenvolvedor eh inicializado" name="Given: strings de nome, matricula, senha e e-mail, e inteiro de funcao para iniciar o desenvolvedor/When: com valores validos, CASO 1: Construtor e criado se e passado nome, matricula, senha e funcao com valores validos no minimo/Then: a senha e atribuida ao desenvolvedor" time="0.000009"/>
    <testcase classname="Scenario: desenvolvedor eh inicializado" name="Given: strings de nome, matricula, senha e e-mail, e inteiro de funcao para iniciar o desenvolvedor/When: com valores validos, CASO 1: Construtor e criado se e passado nome, matricula, senha e funcao com valores validos no minimo/Then: a funcao e atribuida ao desenvolvedor" time="0.000011"/>
    <testcase classname="Scenario: desenvolvedor eh inicializado" name="Given: strings de nome, matricula, senha e e-mail, e inteiro de funcao para iniciar o desenvolvedor/When: com valores validos, CASO 2: Construtor criado recebe email com valor valido/Then: o email e atribuido ao desenvolvedor" time="0.00001"/>
    <testcase classname="Scenario: desenvolvedor eh inicializado" name="Given: strings de nome, matricula, senha e e-mail, e inteiro de funcao para iniciar o desenvolvedor/When: com valores invalidos, CASO 1: Construtor nao e criado se e passado nome, matricula, senha ou funcao com valores invalidos/Then: o desenvolvedor nao e criado e lanca excecao" time="0.000282"/>
    <testcase classname="Scenario: desenvolvedor eh inicializado" name="Given: strings de nome, matricula, senha e e-mail, e inteiro de funcao para iniciar o desenvolvedor/When: com valores invalidos, CASO 2: Construtor criado recebe e-mail com valor invalido/Then: o telefone e atribuido ao gerente de projeto" time="0.000786"/>
    <testcase classname="Scenario: projeto eh inicializado" name="Given: strings de nome, codigo, data de inicio, data de termino, de custo atual, custo previsto, inteiro de estado, classe de gerente de projeto e desenvolvedores do projeto para iniciar o projeto/When: construtor sem parametro/Then: o projeto nao e criado e lanca excecao" time="0.000019"/>
    <testcase classname="Scenario: projeto eh inicializado" name="Given: strings de nome, codigo, data de inicio, data de termino, de custo atual, custo previsto, inteiro de estado, classe de gerente de projeto e desenvolvedores do projeto para iniciar o projeto/When: com valores validos, CASO 1: Construtor e criado se e passado no minimo nome, codigo, gerente de projeto, data de inicio e estado com valores validos/Then: o nome e atribuido ao projeto" time="0.000012"/>
    <testcase classname="Scenario: projeto eh inicializado" name="Given: strings de nome, codigo, data de inicio, data de termino, de custo atual, custo previsto, inteiro de estado, classe de gerente de projeto e desenvolvedores do projeto para iniciar o projeto/When: com valores validos, CASO 1: Construtor e criado se e passado no minimo nome, codigo, gerente de projeto, data de inicio e estado com valores validos/Then: o codigo e atribuido ao projeto" time="0.00001"/>
    <testcase classname="Scenario: projeto eh inicializado" name="Given: strings de nome, codigo, data de inicio, data de termino, de custo atual, custo previsto, inteiro de estado, classe de gerente de projeto e desenvolvedores do projeto para iniciar o projeto/When: com valores validos, CASO 1: Construtor e criado se e passado no minimo nome, codigo, gerente de projeto, data de inicio e estado com valores validos/Then: o gerente de projeto e atribuido ao projeto" time="0.000026"/>
    <testcase classname="Scenario: projeto eh inicializado" name="Given: strings de nome, codigo, data de inicio, data de termino, de custo atual, custo previsto, inteiro de estado, classe de gerente de projeto e desenvolvedores do projeto para iniciar o projeto/When: com valores validos, CASO 1: Construtor e criado se e passado no minimo nome, codigo, gerente de projeto, data de inicio e estado com valores validos/Then: a data de inicio e atribuida ao projeto" time="0.000012"/>
    <testcase classname="Scenario: projeto eh inicializado" name="Given: strings de nome, codigo, data de inicio, data de termino, de custo atual, custo previsto, inteiro de estado, classe de gerente de projeto e desenvolvedores do projeto para iniciar o projeto/When: com valores validos, CASO 1: Construtor e criado se e passado no minimo nome, codigo, gerente de projeto, data de inicio e estado com valores validos/Then: o estado e atribuido ao projeto" time="0.000013"/>
    <testcase classname="Scenario: projeto eh inicializado" name="Given: strings de nome, codigo, data de inicio, data de termino, de custo atual, custo previsto, inteiro de estado, classe de gerente de projeto e desenvolvedores do projeto para iniciar o projeto/When: com valores validos, CASO 2: Construtor criado recebe data de termino com valor valido/Then: a data de termino e atribuida ao projeto" time="0.000034"/>
    <testcase classname="Scenario: projeto eh inicializado" name="Given: strings de nome, codigo, data de inicio, data de termino, de custo atual, custo previsto, inteiro de estado, classe de gerente de projeto e desenvolvedores do projeto para iniciar o projeto/When: com valores invalidos, CASO 1: Construtor nao e criado se e passado nome, codigo, gerente de projeto, data de inicio ou estado com valores invalidos/Then: o projeto nao e criado e lanca excecao" time="0.000341"/>
    <testcase classname="Scenario: projeto eh inicializado" name="Given: strings de nome, codigo, data de inicio, data de termino, de custo atual, custo previsto, inteiro de estado, classe de gerente de projeto e desenvolvedores do projeto para iniciar o projeto/When: com valores invalidos, CASO 2: Construtor criado recebe data de termino com valor invalido/Then: o projeto nao e criado e lanca excecao" time="0.003866"/>
    <testcase classname="Scenario: fase eh inicializada" name="Given: strings de data de inicio, data de termino, e inteiro de codigo para iniciar a fase/When: construtor sem parametro/Then: a fase nao e criada e lanca excecao" time="0.000021"/>
    <testcase classname="Scenario: fase eh inicializada" name="Given: strings de data de inicio, data de termino, e inteiro de codigo para iniciar a fase/When: com valores validos, CASO 1: Construtor e criado se e passado no minimo data de inicio e codigo com valores validos/Then: a data de inicio e atribuida a fase" time="0.00001"/>
    <testcase classname="Scenario: fase eh inicializada" name="Given: strings de data de inicio, data de termino, e inteiro de codigo para iniciar a fase/When: com valores validos, CASO 1: Construtor e criado se e passado no minimo data de inicio e codigo com valores validos/Then: o codigo e atribuido a fase" time="0.00001"/>
    <testcase classname="Scenario: fase eh inicializada" name="Given: strings de data de inicio, data de termino, e inteiro de codigo para iniciar a fase/When: com valores validos, CASO 2: Construtor criado recebe data de termino com valor valido/Then: a data de termino e atribuida a fase" time="0.000011"/>
    <testcase classname="Scenario: fase eh inicializada" name="Given: strings de data de inicio, data de termino, e inteiro de codigo para iniciar a fase/When: com valores invalidos, CASO 1: Construtor nao e criado se e passado data de inicio ou codigo com valores invalidos/Then: a fase nao e criada e lanca excecao" time="0.002989"/>
    <testcase classname="Scenario: fase eh inicializada" name="Given: strings de data de inicio, data de termino, e inteiro de codigo para iniciar a fase/When: com valores invalidos, CASO 2: Construtor criado recebe data de termino com valor invalido/Then: a fase nao e criada e lanca excecao" time="0.004481"/>
    <system-out/>
    <system-err/>
  </testsuite>
</testsuites>
