<testsuites>
  <testsuite name="main" errors="0" failures="0" tests="4" hostname="tbd" time="0.000323" timestamp="tbd">
    <testcase classname="Scenario: nome eh inicializado" name="Given: string para iniciar o nome/When: com menos de 20 caracteres/Then: o nome e atribuido" time="0.000014"/>
    <testcase classname="Scenario: nome eh inicializado" name="Given: string para iniciar o nome/When: com mais de 20 caracteres/Then: o nome e atribuido e lanca excecao" time="0.000061"/>
    <testcase classname="Scenario: nome eh inicializado" name="Given: string para iniciar o nome/When: com caracteres validos/Then: o nome e atribuido" time="0.000008"/>
    <testcase classname="Scenario: nome eh inicializado" name="Given: string para iniciar o nome/When: com caracteres invalidos/Then: o nome nao e atribuido e lanca excecao" time="0.000026"/>
    <system-out/>
    <system-err/>
  </testsuite>
</testsuites>
